Base path: C:/Program Files/Unity/Hub/Editor/2019.1.6f1/Editor/Data
Cmd: initializeCompiler
Cmd: compileComputeKernel
  error: 1 plat 4 at (0): Program 'Deferred_Direct_ShadowMask_Fptl', warning X4714: sum of temp registers and indexable temp registers times 256 threads exceeds the recommended total 16384.  Performance may be reduced
  api=4 insize=14406 outsize=93949 ok=1
Cmd: compileComputeKernel
  api=4 insize=14406 outsize=53449 ok=1
Cmd: compileComputeKernel
  api=4 insize=14406 outsize=93381 ok=1
Cmd: compileComputeKernel
  api=4 insize=14406 outsize=49585 ok=1
Cmd: compileComputeKernel
  api=4 insize=26648 outsize=15773 ok=1
Cmd: compileComputeKernel
  api=4 insize=3797 outsize=1749 ok=1
Cmd: compileComputeKernel
  api=4 insize=9347 outsize=12813 ok=1
Cmd: compileComputeKernel
  api=4 insize=17415 outsize=10549 ok=1
Cmd: compileComputeKernel
  api=4 insize=4918 outsize=2429 ok=1
Cmd: compileComputeKernel
  api=4 insize=12239 outsize=957 ok=1
Cmd: compileComputeKernel
  api=4 insize=7423 outsize=1049 ok=1
Cmd: compileComputeKernel
  api=4 insize=10769 outsize=10585 ok=1
Cmd: compileComputeKernel
  api=4 insize=20012 outsize=14753 ok=1
Cmd: compileComputeKernel
  api=4 insize=21751 outsize=21741 ok=1
Cmd: compileComputeKernel
  api=4 insize=2905 outsize=1849 ok=1
Cmd: compileComputeKernel
  api=4 insize=3022 outsize=2057 ok=1
Cmd: compileComputeKernel
  api=4 insize=3695 outsize=2689 ok=1
Cmd: compileComputeKernel
  api=4 insize=7704 outsize=689 ok=1
Cmd: compileComputeKernel
  api=4 insize=857 outsize=573 ok=1
Cmd: compileComputeKernel
  api=4 insize=20668 outsize=27309 ok=1
Cmd: compileComputeKernel
  api=4 insize=34508 outsize=35413 ok=1
Cmd: compileComputeKernel
  api=4 insize=34508 outsize=35413 ok=1
Cmd: compileComputeKernel
  api=4 insize=17193 outsize=7121 ok=1
Cmd: compileComputeKernel
  api=4 insize=5089 outsize=1541 ok=1
Cmd: compileComputeKernel
  api=4 insize=7712 outsize=4345 ok=1
Cmd: compileComputeKernel
  api=4 insize=3918 outsize=693 ok=1
Cmd: initializeCompiler
Cmd: compileComputeKernel
  api=4 insize=839 outsize=621 ok=1
Cmd: compileComputeKernel
  api=4 insize=3416 outsize=2669 ok=1
Cmd: compileSnippet
  api=4 type=0 insize=58741 outsize=1862 kw=UNITY_PASS_SHADOWCASTER SHADOWS_DEPTH pd=UNITY_ENABLE_REFLECTION_BUFFERS UNITY_USE_DITHER_MASK_FOR_ALPHABLENDED_SHADOWS UNITY_PBS_USE_BRDF1 UNITY_SPECCUBE_BOX_PROJECTION UNITY_SPECCUBE_BLENDING UNITY_ENABLE_DETAIL_NORMALMAP SHADER_API_DESKTOP UNITY_LIGHT_PROBE_PROXY_VOLUME UNITY_LIGHTMAP_FULL_HDR ok=1
Cmd: compileSnippet
  api=4 type=1 insize=2068 outsize=9318 kw=INSTANCING_ON _NORMALMAP DECALS_3RT _TERRAIN_INSTANCED_PERPIXEL_NORMAL pd=UNITY_ENABLE_REFLECTION_BUFFERS UNITY_USE_DITHER_MASK_FOR_ALPHABLENDED_SHADOWS UNITY_PBS_USE_BRDF1 UNITY_SPECCUBE_BOX_PROJECTION UNITY_SPECCUBE_BLENDING UNITY_ENABLE_DETAIL_NORMALMAP SHADER_API_DESKTOP UNITY_LIGHT_PROBE_PROXY_VOLUME UNITY_LIGHTMAP_FULL_HDR ok=1
Cmd: compileSnippet
  api=4 type=1 insize=1611 outsize=238 kw=UNITY_PASS_SHADOWCASTER INSTANCING_ON _NORMALMAP _MASKMAP _TERRAIN_INSTANCED_PERPIXEL_NORMAL pd=UNITY_ENABLE_REFLECTION_BUFFERS UNITY_USE_DITHER_MASK_FOR_ALPHABLENDED_SHADOWS UNITY_PBS_USE_BRDF1 UNITY_SPECCUBE_BOX_PROJECTION UNITY_SPECCUBE_BLENDING UNITY_ENABLE_DETAIL_NORMALMAP SHADER_API_DESKTOP UNITY_LIGHT_PROBE_PROXY_VOLUME UNITY_LIGHTMAP_FULL_HDR ok=1
