Base path: C:/Program Files/Unity/Hub/Editor/2019.1.6f1/Editor/Data
Cmd: initializeCompiler
Cmd: compileComputeKernel
  api=4 insize=12091 outsize=1357 ok=1
Cmd: compileComputeKernel
  api=4 insize=14406 outsize=29065 ok=1
Cmd: compileComputeKernel
  api=4 insize=14406 outsize=39145 ok=1
Cmd: compileComputeKernel
  api=4 insize=14406 outsize=44453 ok=1
Cmd: compileComputeKernel
  api=4 insize=14406 outsize=31529 ok=1
Cmd: compileComputeKernel
  api=4 insize=14406 outsize=34541 ok=1
Cmd: compileComputeKernel
  api=4 insize=14406 outsize=72681 ok=1
Cmd: compileComputeKernel
  api=4 insize=14406 outsize=33029 ok=1
Cmd: compileComputeKernel
  api=4 insize=14406 outsize=33141 ok=1
Cmd: compileComputeKernel
  api=4 insize=14406 outsize=33853 ok=1
Cmd: compileComputeKernel
  api=4 insize=14406 outsize=33001 ok=1
Cmd: compileComputeKernel
  api=4 insize=26648 outsize=16081 ok=1
Cmd: compileComputeKernel
  api=4 insize=26648 outsize=16285 ok=1
Cmd: compileComputeKernel
  api=4 insize=5767 outsize=5913 ok=1
Cmd: compileComputeKernel
  api=4 insize=9347 outsize=9273 ok=1
Cmd: compileComputeKernel
  api=4 insize=17415 outsize=10469 ok=1
Cmd: compileComputeKernel
  api=4 insize=12239 outsize=1313 ok=1
Cmd: compileComputeKernel
  api=4 insize=7423 outsize=1037 ok=1
Cmd: compileComputeKernel
  api=4 insize=12262 outsize=9925 ok=1
Cmd: compileComputeKernel
  api=4 insize=20012 outsize=14105 ok=1
Cmd: compileComputeKernel
  api=4 insize=2517 outsize=2573 ok=1
Cmd: compileComputeKernel
  api=4 insize=34508 outsize=33949 ok=1
Cmd: compileComputeKernel
  api=4 insize=34508 outsize=33021 ok=1
Cmd: compileComputeKernel
  api=4 insize=8350 outsize=2077 ok=1
Cmd: compileComputeKernel
  api=4 insize=5089 outsize=4769 ok=1
Cmd: compileComputeKernel
  api=4 insize=2596 outsize=2085 ok=1
Cmd: compileComputeKernel
  api=4 insize=3043 outsize=2701 ok=1
Cmd: compileComputeKernel
  api=4 insize=7712 outsize=4613 ok=1
Cmd: initializeCompiler
Cmd: compileComputeKernel
  api=4 insize=4515 outsize=3653 ok=1
Cmd: compileComputeKernel
  api=4 insize=10616 outsize=4017 ok=1
Cmd: compileSnippet
  api=4 type=1 insize=58741 outsize=278 kw=UNITY_PASS_SHADOWCASTER SHADOWS_DEPTH pd=UNITY_ENABLE_REFLECTION_BUFFERS UNITY_USE_DITHER_MASK_FOR_ALPHABLENDED_SHADOWS UNITY_PBS_USE_BRDF1 UNITY_SPECCUBE_BOX_PROJECTION UNITY_SPECCUBE_BLENDING UNITY_ENABLE_DETAIL_NORMALMAP SHADER_API_DESKTOP UNITY_LIGHT_PROBE_PROXY_VOLUME UNITY_LIGHTMAP_FULL_HDR ok=1
Cmd: compileSnippet
  api=4 type=0 insize=2148 outsize=1234 kw=INSTANCING_ON _TERRAIN_INSTANCED_PERPIXEL_NORMAL pd=UNITY_ENABLE_REFLECTION_BUFFERS UNITY_USE_DITHER_MASK_FOR_ALPHABLENDED_SHADOWS UNITY_PBS_USE_BRDF1 UNITY_SPECCUBE_BOX_PROJECTION UNITY_SPECCUBE_BLENDING UNITY_ENABLE_DETAIL_NORMALMAP SHADER_API_DESKTOP UNITY_LIGHT_PROBE_PROXY_VOLUME UNITY_LIGHTMAP_FULL_HDR ok=1
Cmd: compileSnippet
  api=4 type=0 insize=2148 outsize=1234 kw=INSTANCING_ON _NORMALMAP _TERRAIN_INSTANCED_PERPIXEL_NORMAL pd=UNITY_ENABLE_REFLECTION_BUFFERS UNITY_USE_DITHER_MASK_FOR_ALPHABLENDED_SHADOWS UNITY_PBS_USE_BRDF1 UNITY_SPECCUBE_BOX_PROJECTION UNITY_SPECCUBE_BLENDING UNITY_ENABLE_DETAIL_NORMALMAP SHADER_API_DESKTOP UNITY_LIGHT_PROBE_PROXY_VOLUME UNITY_LIGHTMAP_FULL_HDR ok=1
Cmd: compileSnippet
  api=4 type=1 insize=2068 outsize=15038 kw=INSTANCING_ON _NORMALMAP _MASKMAP DECALS_3RT _TERRAIN_8_LAYERS _TERRAIN_INSTANCED_PERPIXEL_NORMAL pd=UNITY_ENABLE_REFLECTION_BUFFERS UNITY_USE_DITHER_MASK_FOR_ALPHABLENDED_SHADOWS UNITY_PBS_USE_BRDF1 UNITY_SPECCUBE_BOX_PROJECTION UNITY_SPECCUBE_BLENDING UNITY_ENABLE_DETAIL_NORMALMAP SHADER_API_DESKTOP UNITY_LIGHT_PROBE_PROXY_VOLUME UNITY_LIGHTMAP_FULL_HDR ok=1
